# JRE version: OpenJDK Runtime Environment (21.0.3) (build 21.0.3+-12282718-b509.11)
# Java VM: OpenJDK 64-Bit Server VM (21.0.3+-12282718-b509.11, mixed mode, tiered, compressed oops, compressed class ptrs, g1 gc, windows-amd64)
GC Precious Log:
 CardTable entry size: 512
 Card Set container configuration: InlinePtr #cards 5 size 8 Array Of Cards #cards 12 size 40 Howl #buckets 4 coarsen threshold 1843 Howl Bitmap #cards 512 size 80 coarsen threshold 460 Card regions per heap region 1 cards per card region 2048
 CPUs: 16 total, 16 available
 Memory: 16333M
 Large Page Support: Disabled
 NUMA Support: Disabled
 Compressed Oops: Enabled (32-bit)
 Heap Region Size: 1M
 Heap Min Capacity: 8M
 Heap Initial Capacity: 256M
 Heap Max Capacity: 2G
 Pre-touch: Disabled
 Parallel Workers: 13
 Concurrent Workers: 3
 Concurrent Refinement Workers: 13
 Periodic GC: Disabled
Heap:
 garbage-first heap   total 92160K, used 67328K [0x0000000080000000, 0x0000000100000000)
  region size 1024K, 33 young (33792K), 5 survivors (5120K)
 Metaspace       used 70786K, committed 72384K, reserved 1114112K
  class space    used 9702K, committed 10496K, reserved 1048576K
GC Heap History (20 events):
Event: 1.553 GC heap before
{Heap before GC invocations=2 (full 0):
 garbage-first heap   total 262144K, used 78535K [0x0000000080000000, 0x0000000100000000)
  region size 1024K, 66 young (67584K), 2 survivors (2048K)
 Metaspace       used 21166K, committed 21504K, reserved 1114112K
  class space    used 2448K, committed 2624K, reserved 1048576K
}
Event: 1.557 GC heap after
{Heap after GC invocations=3 (full 0):
 garbage-first heap   total 262144K, used 20856K [0x0000000080000000, 0x0000000100000000)
  region size 1024K, 10 young (10240K), 10 survivors (10240K)
 Metaspace       used 21166K, committed 21504K, reserved 1114112K
  class space    used 2448K, committed 2624K, reserved 1048576K
}
Event: 2.390 GC heap before
{Heap before GC invocations=4 (full 0):
 garbage-first heap   total 78848K, used 76152K [0x0000000080000000, 0x0000000100000000)
  region size 1024K, 65 young (66560K), 10 survivors (10240K)
 Metaspace       used 30151K, committed 30720K, reserved 1114112K
  class space    used 3904K, committed 4160K, reserved 1048576K
}
Event: 2.398 GC heap after
{Heap after GC invocations=5 (full 0):
 garbage-first heap   total 92160K, used 24314K [0x0000000080000000, 0x0000000100000000)
  region size 1024K, 13 young (13312K), 13 survivors (13312K)
 Metaspace       used 30151K, committed 30720K, reserved 1114112K
  class space    used 3904K, committed 4160K, reserved 1048576K
}
Event: 2.841 GC heap before
{Heap before GC invocations=5 (full 0):
 garbage-first heap   total 92160K, used 59130K [0x0000000080000000, 0x0000000100000000)
  region size 1024K, 49 young (50176K), 13 survivors (13312K)
 Metaspace       used 35181K, committed 35968K, reserved 1114112K
  class space    used 4728K, committed 5120K, reserved 1048576K
}
Event: 2.845 GC heap after
{Heap after GC invocations=6 (full 0):
 garbage-first heap   total 92160K, used 26408K [0x0000000080000000, 0x0000000100000000)
  region size 1024K, 6 young (6144K), 6 survivors (6144K)
 Metaspace       used 35181K, committed 35968K, reserved 1114112K
  class space    used 4728K, committed 5120K, reserved 1048576K
}
Event: 2.873 GC heap before
{Heap before GC invocations=6 (full 0):
 garbage-first heap   total 92160K, used 28456K [0x0000000080000000, 0x0000000100000000)
  region size 1024K, 9 young (9216K), 6 survivors (6144K)
 Metaspace       used 35462K, committed 36288K, reserved 1114112K
  class space    used 4772K, committed 5184K, reserved 1048576K
}
Event: 2.875 GC heap after
{Heap after GC invocations=7 (full 0):
 garbage-first heap   total 92160K, used 26743K [0x0000000080000000, 0x0000000100000000)
  region size 1024K, 3 young (3072K), 3 survivors (3072K)
 Metaspace       used 35462K, committed 36288K, reserved 1114112K
  class space    used 4772K, committed 5184K, reserved 1048576K
}
Event: 3.407 GC heap before
{Heap before GC invocations=8 (full 0):
 garbage-first heap   total 92160K, used 75895K [0x0000000080000000, 0x0000000100000000)
  region size 1024K, 51 young (52224K), 3 survivors (3072K)
 Metaspace       used 44144K, committed 45184K, reserved 1114112K
  class space    used 5946K, committed 6464K, reserved 1048576K
}
Event: 3.410 GC heap after
{Heap after GC invocations=9 (full 0):
 garbage-first heap   total 92160K, used 30936K [0x0000000080000000, 0x0000000100000000)
  region size 1024K, 7 young (7168K), 7 survivors (7168K)
 Metaspace       used 44144K, committed 45184K, reserved 1114112K
  class space    used 5946K, committed 6464K, reserved 1048576K
}
Event: 3.655 GC heap before
{Heap before GC invocations=9 (full 0):
 garbage-first heap   total 92160K, used 75992K [0x0000000080000000, 0x0000000100000000)
  region size 1024K, 52 young (53248K), 7 survivors (7168K)
 Metaspace       used 46503K, committed 47744K, reserved 1114112K
  class space    used 6251K, committed 6848K, reserved 1048576K
}
Event: 3.658 GC heap after
{Heap after GC invocations=10 (full 0):
 garbage-first heap   total 92160K, used 33341K [0x0000000080000000, 0x0000000100000000)
  region size 1024K, 3 young (3072K), 3 survivors (3072K)
 Metaspace       used 46503K, committed 47744K, reserved 1114112K
  class space    used 6251K, committed 6848K, reserved 1048576K
}
Event: 4.672 GC heap before
{Heap before GC invocations=10 (full 0):
 garbage-first heap   total 92160K, used 77373K [0x0000000080000000, 0x0000000100000000)
  region size 1024K, 47 young (48128K), 3 survivors (3072K)
 Metaspace       used 51604K, committed 53056K, reserved 1114112K
  class space    used 7109K, committed 7808K, reserved 1048576K
}
Event: 4.675 GC heap after
{Heap after GC invocations=11 (full 0):
 garbage-first heap   total 92160K, used 35904K [0x0000000080000000, 0x0000000100000000)
  region size 1024K, 6 young (6144K), 6 survivors (6144K)
 Metaspace       used 51604K, committed 53056K, reserved 1114112K
  class space    used 7109K, committed 7808K, reserved 1048576K
}
Event: 5.098 GC heap before
{Heap before GC invocations=11 (full 0):
 garbage-first heap   total 92160K, used 80960K [0x0000000080000000, 0x0000000100000000)
  region size 1024K, 48 young (49152K), 6 survivors (6144K)
 Metaspace       used 58186K, committed 59584K, reserved 1114112K
  class space    used 7909K, committed 8576K, reserved 1048576K
}
Event: 5.101 GC heap after
{Heap after GC invocations=12 (full 0):
 garbage-first heap   total 92160K, used 37747K [0x0000000080000000, 0x0000000100000000)
  region size 1024K, 3 young (3072K), 3 survivors (3072K)
 Metaspace       used 58186K, committed 59584K, reserved 1114112K
  class space    used 7909K, committed 8576K, reserved 1048576K
}
Event: 5.162 GC heap before
{Heap before GC invocations=12 (full 0):
 garbage-first heap   total 92160K, used 42867K [0x0000000080000000, 0x0000000100000000)
  region size 1024K, 9 young (9216K), 3 survivors (3072K)
 Metaspace       used 59197K, committed 60608K, reserved 1114112K
  class space    used 8061K, committed 8768K, reserved 1048576K
}
Event: 5.164 GC heap after
{Heap after GC invocations=13 (full 0):
 garbage-first heap   total 92160K, used 38228K [0x0000000080000000, 0x0000000100000000)
  region size 1024K, 3 young (3072K), 3 survivors (3072K)
 Metaspace       used 59197K, committed 60608K, reserved 1114112K
  class space    used 8061K, committed 8768K, reserved 1048576K
}
Event: 5.818 GC heap before
{Heap before GC invocations=14 (full 0):
 garbage-first heap   total 92160K, used 79188K [0x0000000080000000, 0x0000000100000000)
  region size 1024K, 43 young (44032K), 3 survivors (3072K)
 Metaspace       used 64231K, committed 65792K, reserved 1114112K
  class space    used 8860K, committed 9664K, reserved 1048576K
}
Event: 5.821 GC heap after
{Heap after GC invocations=15 (full 0):
 garbage-first heap   total 92160K, used 40704K [0x0000000080000000, 0x0000000100000000)
  region size 1024K, 5 young (5120K), 5 survivors (5120K)
 Metaspace       used 64231K, committed 65792K, reserved 1114112K
  class space    used 8860K, committed 9664K, reserved 1048576K
}

